app/src/main/cpp/chromium/src/base/android/java/build/outputs/logs/manifest-merger-debug-report.txt
-- Merging decision tree log ---
manifest
ADDED from android/java/AndroidManifest.xml:3:1-7:12
INJECTED from android/java/AndroidManifest.xml:3:1-7:12
INJECTED from android/java/AndroidManifest.xml:3:1-7:12
INJECTED from android/java/AndroidManifest.xml:3:1-7:12
INJECTED from android/java/AndroidManifest.xml:3:1-7:12
INJECTED from android/java/AndroidManifest.xml:3:1-7:12
INJECTED from android/java/AndroidManifest.xml:3:1-7:12
	package
		ADDED from android/java/AndroidManifest.xml:4:11-38
		INJECTED from android/java/AndroidManifest.xml
		INJECTED from android/java/AndroidManifest.xml
	android:versionName
		ADDED from android/java/AndroidManifest.xml:5:11-36
		INJECTED from android/java/AndroidManifest.xml
		INJECTED from android/java/AndroidManifest.xml
	xmlns:android
		ADDED from android/java/AndroidManifest.xml:3:11-69
	android:versionCode
		ADDED from android/java/AndroidManifest.xml:6:11-34
		INJECTED from android/java/AndroidManifest.xml
		INJECTED from android/java/AndroidManifest.xml
uses-sdk
INJECTED from android/java/AndroidManifest.xml reason: use-sdk injection requested
INJECTED from android/java/AndroidManifest.xml
INJECTED from android/java/AndroidManifest.xml
INJECTED from android/java/AndroidManifest.xml
INJECTED from android/java/AndroidManifest.xml
	android:targetSdkVersion
		INJECTED from android/java/AndroidManifest.xml
		ADDED from android/java/AndroidManifest.xml
		INJECTED from android/java/AndroidManifest.xml
	android:minSdkVersion
		INJECTED from android/java/AndroidManifest.xml
		ADDED from android/java/AndroidManifest.xml
		INJECTED from android/java/AndroidManifest.xml